Determining if the pthread_create exist failed with the following output:
Change Dir: /home/dell/Documentos/GitHub/ces12/Lab04/build/CMakeFiles/CMakeTmp

Run Build Command:"/usr/bin/make" "cmTC_0962c/fast"
/usr/bin/make -f CMakeFiles/cmTC_0962c.dir/build.make CMakeFiles/cmTC_0962c.dir/build
make[1]: Entering directory '/home/dell/Documentos/GitHub/ces12/Lab04/build/CMakeFiles/CMakeTmp'
Building C object CMakeFiles/cmTC_0962c.dir/CheckSymbolExists.c.o
/usr/bin/cc    -o CMakeFiles/cmTC_0962c.dir/CheckSymbolExists.c.o   -c /home/dell/Documentos/GitHub/ces12/Lab04/build/CMakeFiles/CMakeTmp/CheckSymbolExists.c
Linking C executable cmTC_0962c
/usr/bin/cmake -E cmake_link_script CMakeFiles/cmTC_0962c.dir/link.txt --verbose=1
/usr/bin/cc      -rdynamic CMakeFiles/cmTC_0962c.dir/CheckSymbolExists.c.o  -o cmTC_0962c 
CMakeFiles/cmTC_0962c.dir/CheckSymbolExists.c.o: Na função "main":
CheckSymbolExists.c:(.text+0x1b): referência não definida para "pthread_create"
collect2: error: ld returned 1 exit status
CMakeFiles/cmTC_0962c.dir/build.make:97: recipe for target 'cmTC_0962c' failed
make[1]: *** [cmTC_0962c] Error 1
make[1]: Leaving directory '/home/dell/Documentos/GitHub/ces12/Lab04/build/CMakeFiles/CMakeTmp'
Makefile:126: recipe for target 'cmTC_0962c/fast' failed
make: *** [cmTC_0962c/fast] Error 2

File /home/dell/Documentos/GitHub/ces12/Lab04/build/CMakeFiles/CMakeTmp/CheckSymbolExists.c:
/* */
#include <pthread.h>

int main(int argc, char** argv)
{
  (void)argv;
#ifndef pthread_create
  return ((int*)(&pthread_create))[argc];
#else
  (void)argc;
  return 0;
#endif
}

Determining if the function pthread_create exists in the pthreads failed with the following output:
Change Dir: /home/dell/Documentos/GitHub/ces12/Lab04/build/CMakeFiles/CMakeTmp

Run Build Command:"/usr/bin/make" "cmTC_8b69a/fast"
/usr/bin/make -f CMakeFiles/cmTC_8b69a.dir/build.make CMakeFiles/cmTC_8b69a.dir/build
make[1]: Entering directory '/home/dell/Documentos/GitHub/ces12/Lab04/build/CMakeFiles/CMakeTmp'
Building C object CMakeFiles/cmTC_8b69a.dir/CheckFunctionExists.c.o
/usr/bin/cc   -DCHECK_FUNCTION_EXISTS=pthread_create   -o CMakeFiles/cmTC_8b69a.dir/CheckFunctionExists.c.o   -c /usr/share/cmake-3.10/Modules/CheckFunctionExists.c
Linking C executable cmTC_8b69a
/usr/bin/cmake -E cmake_link_script CMakeFiles/cmTC_8b69a.dir/link.txt --verbose=1
/usr/bin/cc  -DCHECK_FUNCTION_EXISTS=pthread_create    -rdynamic CMakeFiles/cmTC_8b69a.dir/CheckFunctionExists.c.o  -o cmTC_8b69a -lpthreads 
/usr/bin/ld: não foi possível localizar -lpthreads
collect2: error: ld returned 1 exit status
CMakeFiles/cmTC_8b69a.dir/build.make:97: recipe for target 'cmTC_8b69a' failed
make[1]: *** [cmTC_8b69a] Error 1
make[1]: Leaving directory '/home/dell/Documentos/GitHub/ces12/Lab04/build/CMakeFiles/CMakeTmp'
Makefile:126: recipe for target 'cmTC_8b69a/fast' failed
make: *** [cmTC_8b69a/fast] Error 2


